11:45:53 - retrieve data for city : Omaha and state : NE
11:45:55 - retrieve data for city : NY and state : New_York
11:45:57 - retrieve data for city : Raffles_Place and state : Singapore
11:45:59 - retrieve data for city : Saporro and state : Japan
12:2:23 - retrieve data for city : Omaha and state : NE
12:2:23 - Try to retrieve data from DB cache
12:2:25 - failed to retrieve weather data from DB
12:2:25 - Try retrieve data from 3rd party API
12:2:26 - Start request to http://api.wunderground.com/api/d108a5ec8d1a4f27/conditions/q/Omaha/NE.json
12:2:29 - retrieve data for city : NY and state : New_York
12:2:29 - Try to retrieve data from DB cache
12:2:31 - failed to retrieve weather data from DB
12:2:31 - Try retrieve data from 3rd party API
12:2:31 - Start request to http://api.wunderground.com/api/d108a5ec8d1a4f27/conditions/q/NY/New_York.json
12:2:34 - retrieve data for city : Raffles_Place and state : Singapore
12:2:34 - Try to retrieve data from DB cache
12:2:36 - failed to retrieve weather data from DB
12:2:36 - Try retrieve data from 3rd party API
12:2:36 - Start request to http://api.wunderground.com/api/d108a5ec8d1a4f27/conditions/q/Raffles_Place/Singapore.json
12:2:39 - retrieve data for city : Saporro and state : Japan
12:2:39 - Try to retrieve data from DB cache
12:2:41 - failed to retrieve weather data from DB
12:2:41 - Try retrieve data from 3rd party API
12:2:41 - Start request to http://api.wunderground.com/api/d108a5ec8d1a4f27/conditions/q/Saporro/Japan.json
12:9:27 - retrieve data for city : Omaha and state : NE
12:9:27 - Try to retrieve data from DB cache
12:9:29 - failed to retrieve weather data from DB
12:9:29 - Try retrieve data from 3rd party API
12:9:31 - Start request to http://api.wunderground.com/api/d108a5ec8d1a4f27/conditions/q/Omaha/NE.json
12:9:34 - retrieve data for city : NY and state : New_York
12:9:34 - Try to retrieve data from DB cache
12:9:37 - failed to retrieve weather data from DB
12:9:37 - Try retrieve data from 3rd party API
12:9:37 - Start request to http://api.wunderground.com/api/d108a5ec8d1a4f27/conditions/q/NY/New_York.json
12:9:39 - retrieve data for city : Raffles_Place and state : Singapore
12:9:39 - Try to retrieve data from DB cache
12:9:41 - failed to retrieve weather data from DB
12:9:41 - Try retrieve data from 3rd party API
12:9:41 - Start request to http://api.wunderground.com/api/d108a5ec8d1a4f27/conditions/q/Raffles_Place/Singapore.json
12:9:45 - retrieve data for city : Saporro and state : Japan
12:9:45 - Try to retrieve data from DB cache
12:9:47 - failed to retrieve weather data from DB
12:9:47 - Try retrieve data from 3rd party API
12:9:47 - Start request to http://api.wunderground.com/api/d108a5ec8d1a4f27/conditions/q/Saporro/Japan.json
12:12:56 - retrieve data for city : Omaha and state : NE
12:12:56 - Try to retrieve data from DB cache
12:13:0 - failed to retrieve weather data from DB
12:13:0 - Try retrieve data from 3rd party API
12:13:1 - Start request to http://api.wunderground.com/api/d108a5ec8d1a4f27/conditions/q/Omaha/NE.json
12:13:4 - retrieve data for city : NY and state : New_York
12:13:4 - Try to retrieve data from DB cache
12:13:7 - failed to retrieve weather data from DB
12:13:7 - Try retrieve data from 3rd party API
12:13:7 - Start request to http://api.wunderground.com/api/d108a5ec8d1a4f27/conditions/q/NY/New_York.json
12:13:11 - retrieve data for city : Raffles_Place and state : Singapore
12:13:11 - Try to retrieve data from DB cache
12:13:14 - failed to retrieve weather data from DB
12:13:14 - Try retrieve data from 3rd party API
12:13:14 - Start request to http://api.wunderground.com/api/d108a5ec8d1a4f27/conditions/q/Raffles_Place/Singapore.json
12:13:16 - retrieve data for city : Saporro and state : Japan
12:13:16 - Try to retrieve data from DB cache
12:13:20 - failed to retrieve weather data from DB
12:13:20 - Try retrieve data from 3rd party API
12:13:20 - Start request to http://api.wunderground.com/api/d108a5ec8d1a4f27/conditions/q/Saporro/Japan.json
12:14:41 - retrieve data for city : Omaha and state : NE
12:14:41 - Try to retrieve data from DB cache
12:14:45 - retrieve data for city : NY and state : New_York
12:14:45 - Try to retrieve data from DB cache
12:14:51 - retrieve data for city : Raffles_Place and state : Singapore
12:14:51 - Try to retrieve data from DB cache
12:14:55 - retrieve data for city : Saporro and state : Japan
12:14:55 - Try to retrieve data from DB cache
13:23:42 - retrieve data for city : Omaha and state : NE
13:23:42 - Try to retrieve data from DB cache
13:23:44 - failed to retrieve weather data from DB
13:23:44 - Try retrieve data from 3rd party API
13:23:45 - Start request to http://api.wunderground.com/api/d108a5ec8d1a4f27/conditions/q/Omaha/NE.json
13:23:48 - retrieve data for city : NY and state : New_York
13:23:48 - Try to retrieve data from DB cache
13:23:50 - failed to retrieve weather data from DB
13:23:50 - Try retrieve data from 3rd party API
13:23:50 - Start request to http://api.wunderground.com/api/d108a5ec8d1a4f27/conditions/q/NY/New_York.json
13:23:53 - retrieve data for city : Raffles_Place and state : Singapore
13:23:53 - Try to retrieve data from DB cache
13:23:55 - failed to retrieve weather data from DB
13:23:55 - Try retrieve data from 3rd party API
13:23:55 - Start request to http://api.wunderground.com/api/d108a5ec8d1a4f27/conditions/q/Raffles_Place/Singapore.json
13:23:57 - retrieve data for city : Saporro and state : Japan
13:23:57 - Try to retrieve data from DB cache
13:23:59 - failed to retrieve weather data from DB
13:23:59 - Try retrieve data from 3rd party API
13:23:59 - Start request to http://api.wunderground.com/api/d108a5ec8d1a4f27/conditions/q/Saporro/Japan.json
13:28:41 - retrieve data for city : Omaha and state : NE
13:28:41 - Try to retrieve data from DB cache
13:28:43 - failed to retrieve weather data from DB
13:28:43 - Try retrieve data from 3rd party API
13:28:44 - Start request to http://api.wunderground.com/api/d108a5ec8d1a4f27/conditions/q/Omaha/NE.json
13:28:47 - retrieve data for city : NY and state : New_York
13:28:47 - Try to retrieve data from DB cache
13:28:49 - failed to retrieve weather data from DB
13:28:49 - Try retrieve data from 3rd party API
13:28:49 - Start request to http://api.wunderground.com/api/d108a5ec8d1a4f27/conditions/q/NY/New_York.json
13:28:52 - retrieve data for city : Raffles_Place and state : Singapore
13:28:52 - Try to retrieve data from DB cache
13:28:54 - failed to retrieve weather data from DB
13:28:54 - Try retrieve data from 3rd party API
13:28:54 - Start request to http://api.wunderground.com/api/d108a5ec8d1a4f27/conditions/q/Raffles_Place/Singapore.json
13:28:57 - retrieve data for city : Saporro and state : Japan
13:28:57 - Try to retrieve data from DB cache
13:28:59 - failed to retrieve weather data from DB
13:28:59 - Try retrieve data from 3rd party API
13:28:59 - Start request to http://api.wunderground.com/api/d108a5ec8d1a4f27/conditions/q/Saporro/Japan.json
13:30:0 - retrieve data for city : Omaha and state : NE
13:30:0 - Try to retrieve data from DB cache
13:30:2 - retrieve data for city : NY and state : New_York
13:30:2 - Try to retrieve data from DB cache
13:30:4 - retrieve data for city : Raffles_Place and state : Singapore
13:30:4 - Try to retrieve data from DB cache
13:30:6 - retrieve data for city : Saporro and state : Japan
13:30:6 - Try to retrieve data from DB cache
13:30:36 - retrieve data for city : Omaha and state : NE
13:30:36 - Try to retrieve data from DB cache
13:30:39 - failed to retrieve weather data from DB
13:30:39 - Try retrieve data from 3rd party API
13:30:40 - Start request to http://api.wunderground.com/api/d108a5ec8d1a4f27/conditions/q/Omaha/NE.json
13:30:43 - retrieve data for city : NY and state : New_York
13:30:43 - Try to retrieve data from DB cache
13:30:45 - failed to retrieve weather data from DB
13:30:45 - Try retrieve data from 3rd party API
13:30:45 - Start request to http://api.wunderground.com/api/d108a5ec8d1a4f27/conditions/q/NY/New_York.json
13:30:48 - retrieve data for city : Raffles_Place and state : Singapore
13:30:48 - Try to retrieve data from DB cache
13:30:50 - failed to retrieve weather data from DB
13:30:50 - Try retrieve data from 3rd party API
13:30:50 - Start request to http://api.wunderground.com/api/d108a5ec8d1a4f27/conditions/q/Raffles_Place/Singapore.json
13:30:53 - retrieve data for city : Saporro and state : Japan
13:30:53 - Try to retrieve data from DB cache
13:30:54 - failed to retrieve weather data from DB
13:30:54 - Try retrieve data from 3rd party API
13:30:54 - Start request to http://api.wunderground.com/api/d108a5ec8d1a4f27/conditions/q/Saporro/Japan.json
13:34:36 - retrieve data for city : Omaha and state : NE
13:34:36 - Try to retrieve data from DB cache
13:34:38 - failed to retrieve weather data from DB
13:34:38 - Try retrieve data from 3rd party API
13:34:39 - Start request to http://api.wunderground.com/api/d108a5ec8d1a4f27/conditions/q/Omaha/NE.json
13:34:42 - retrieve data for city : NY and state : New_York
13:34:42 - Try to retrieve data from DB cache
13:34:44 - failed to retrieve weather data from DB
13:34:44 - Try retrieve data from 3rd party API
13:34:44 - Start request to http://api.wunderground.com/api/d108a5ec8d1a4f27/conditions/q/NY/New_York.json
13:34:47 - retrieve data for city : Raffles_Place and state : Singapore
13:34:47 - Try to retrieve data from DB cache
13:34:49 - failed to retrieve weather data from DB
13:34:49 - Try retrieve data from 3rd party API
13:34:49 - Start request to http://api.wunderground.com/api/d108a5ec8d1a4f27/conditions/q/Raffles_Place/Singapore.json
13:34:52 - retrieve data for city : Saporro and state : Japan
13:34:52 - Try to retrieve data from DB cache
13:34:54 - failed to retrieve weather data from DB
13:34:54 - Try retrieve data from 3rd party API
13:34:54 - Start request to http://api.wunderground.com/api/d108a5ec8d1a4f27/conditions/q/Saporro/Japan.json
